{
  "RSpec": {
    "coverage": {
      "/Users/katrinaharradine/Documents/Coding/Makers/projects/week_10/tech_test/bank2/spec/bank_spec.rb": {
        "lines": [
          1,
          null,
          1,
          4,
          null,
          1,
          1,
          null,
          null,
          1,
          1,
          null,
          null,
          1,
          1,
          1,
          null,
          null
        ]
      },
      "/Users/katrinaharradine/Documents/Coding/Makers/projects/week_10/tech_test/bank2/lib/bank.rb": {
        "lines": [
          null,
          1,
          1,
          null,
          1,
          3,
          null,
          null,
          1,
          2,
          null,
          null,
          1,
          1,
          null,
          null
        ]
      }
    },
    "timestamp": 1615295401
  }
}
