{
  "RSpec": {
    "coverage": {
      "/Users/katrinaharradine/Documents/Coding/Makers/projects/week_10/tech_test/bank2/spec/balance_spec.rb": {
        "lines": [
          null,
          null,
          1,
          null,
          1,
          4,
          1,
          1,
          null,
          null,
          1,
          1,
          1,
          null,
          null,
          1,
          1,
          1,
          null,
          null
        ]
      },
      "/Users/katrinaharradine/Documents/Coding/Makers/projects/week_10/tech_test/bank2/lib/balance.rb": {
        "lines": [
          null,
          null,
          null,
          1,
          1,
          null,
          1,
          0,
          null,
          null,
          1,
          0,
          null,
          null,
          1,
          0,
          null,
          null
        ]
      },
      "/Users/katrinaharradine/Documents/Coding/Makers/projects/week_10/tech_test/bank2/spec/bank_spec.rb": {
        "lines": [
          null,
          null,
          1,
          null,
          1,
          4,
          null,
          1,
          1,
          1,
          1,
          null,
          null,
          1,
          1,
          1,
          1,
          null,
          null,
          1,
          null,
          null,
          1,
          1,
          1,
          1,
          1,
          null,
          null,
          null,
          1,
          null,
          null
        ]
      },
      "/Users/katrinaharradine/Documents/Coding/Makers/projects/week_10/tech_test/bank2/lib/bank.rb": {
        "lines": [
          null,
          null,
          1,
          null,
          null,
          1,
          1,
          3,
          3,
          null,
          null,
          1,
          5,
          5,
          5,
          null,
          null,
          1,
          1,
          1,
          1,
          null,
          null,
          1,
          3,
          3,
          6,
          null,
          3,
          null,
          null
        ]
      },
      "/Users/katrinaharradine/Documents/Coding/Makers/projects/week_10/tech_test/bank2/lib/Balance.rb": {
        "lines": [
          null,
          null,
          null,
          1,
          1,
          null,
          1,
          6,
          null,
          null,
          1,
          6,
          null,
          null,
          1,
          2,
          null,
          null
        ]
      }
    },
    "timestamp": 1615322936
  }
}
